<?xml version="1.0" encoding="UTF-8"?>
<testng-results ignored="0" total="1" passed="1" failed="0" skipped="0">
  <reporter-output>
  </reporter-output>
  <suite started-at="2018-09-24T05:13:29Z" name="Default suite" finished-at="2018-09-24T05:13:41Z" duration-ms="11623">
    <groups>
    </groups>
    <test started-at="2018-09-24T05:13:29Z" name="Default test" finished-at="2018-09-24T05:13:41Z" duration-ms="11623">
      <class name="tt.tt">
        <test-method signature="testcase1()[pri:0, instance:tt.tt@5b03b9fe]" started-at="2018-09-24T05:13:29Z" name="testcase1" finished-at="2018-09-24T05:13:41Z" duration-ms="11597" status="PASS">
          <reporter-output>
          </reporter-output>
        </test-method> <!-- testcase1 -->
      </class> <!-- tt.tt -->
    </test> <!-- Default test -->
  </suite> <!-- Default suite -->
</testng-results>
